<?xml version="1.0" encoding="UTF-8"?>
<testsuite xmlns:xsi="http://www.w3.org/2001/XMLSchema-instance" xsi:noNamespaceSchemaLocation="https://maven.apache.org/surefire/maven-surefire-plugin/xsd/surefire-test-report-3.0.xsd" version="3.0" name="com.qestit.runners.TestRunner" time="12.314" tests="1" errors="0" skipped="0" failures="0">
  <properties>
[...]
</properties>
  <testcase name="Naviguer vers le Service de Test Logiciel" classname="Navigation des Services QESTIT" time="10.102">
    <system-out><![CDATA[
Scenario: Naviguer vers le Service de Test Logiciel &amp#27;[90m# src/test/resources/features/ServiceNavigation.feature:6&amp#27;[0m
  &amp#27;[32mGiven &amp#27;[0m&amp#27;[32mje suis sur la page d'accueil de QESTIT&amp#27;[0m     &amp#27;[90m# com.qestit.steps.ServiceSteps.je_suis_sur_la_page_daccueil()&amp#27;[0m
  &amp#27;[32mWhen &amp#27;[0m&amp#27;[32mje clique sur le menu Services&amp#27;[0m               &amp#27;[90m# com.qestit.steps.ServiceSteps.je_clique_sur_le_menu_services()&amp#27;[0m
  &amp#27;[32mAnd &amp#27;[0m&amp#27;[32mje clique sur l'option Test Logiciel&amp#27;[0m          &amp#27;[90m# com.qestit.steps.ServiceSteps.je_clique_sur_test_logiciel()&amp#27;[0m
  &amp#27;[32mThen &amp#27;[0m&amp#27;[32mje dois voir le titre Test Logiciel&amp#27;[0m          &amp#27;[90m# com.qestit.steps.ServiceSteps.je_dois_voir_le_titre_test_logiciel()&amp#27;[0m
  &amp#27;[32mWhen &amp#27;[0m&amp#27;[32mje clique sur Automatisation des tests&amp#27;[0m       &amp#27;[90m# com.qestit.steps.ServiceSteps.je_clique_sur_automatisation_des_tests()&amp#27;[0m
]]></system-out>
    <system-err><![CDATA[SLF4J: No SLF4J providers were found.
SLF4J: Defaulting to no-operation (NOP) logger implementation
SLF4J: See https://www.slf4j.org/codes.html#noProviders for further details.
Nis 14, 2025 9:14:08 ÖS org.openqa.selenium.devtools.CdpVersionFinder findNearestMatch
WARNING: Unable to find CDP implementation matching 135
Nis 14, 2025 9:14:08 ÖS org.openqa.selenium.chromium.ChromiumDriver lambda$new$5
WARNING: Unable to find version of CDP to use for 135.0.7049.85. You may need to include a dependency on a specific version of the CDP using something similar to `org.seleniumhq.selenium:selenium-devtools-v86:4.16.1` where the version ("v86") matches the version of the chromium-based browser you're using and the version number of the artifact is the same as Selenium's.
]]></system-err>
  </testcase>
</testsuite>